<?xml version="1.0" encoding="UTF-8"?>
<testsuite xmlns:xsi="http://www.w3.org/2001/XMLSchema-instance" xsi:noNamespaceSchemaLocation="https://maven.apache.org/surefire/maven-surefire-plugin/xsd/surefire-test-report.xsd" version="3.0.2" name="com.notificationmanager.model.NotificationTest" time="0.002" tests="4" errors="0" skipped="0" failures="0">
  <properties>
[...]
</properties>
  <testcase name="testSettersAndGetters" classname="com.notificationmanager.model.NotificationTest" time="0.0"/>
  <testcase name="testFullConstructor" classname="com.notificationmanager.model.NotificationTest" time="0.0"/>
  <testcase name="testConstructorWithAllParameters" classname="com.notificationmanager.model.NotificationTest" time="0.0"/>
  <testcase name="testLabelMethods" classname="com.notificationmanager.model.NotificationTest" time="0.0"/>
</testsuite>